C51 COMPILER V7.06   OEM_FAN                                                               07/06/2010 09:59:47 PAGE 1   


C51 COMPILER V7.06, COMPILATION OF MODULE OEM_FAN
OBJECT MODULE PLACED IN SOURCE\OEM_FAN.OBJ
COMPILER INVOKED BY: C:\Keil\C51\BIN\c51.exe SOURCE\OEM_FAN.C LA WL(1) CD OT(8,SIZE) OR

stmt level    source

   1          /*-----------------------------------------------------------------------------
   2           * Filename: OEM_FAN.C - OEM specific code
   3           * Function: Platform Fan & Throttling Control Process
   4           *
   5           * Copyright (c) 2006-2009, ITE Tech. Inc. All Rights Reserved.
   6           *---------------------------------------------------------------------------*/
   7          #include "CORE_INCLUDE.H"
   8          #include "OEM_INCLUDE.H"
   9          
  10          /*-----------------------------------------------------------------------------
  11           * Local Parameter Definition
  12           *---------------------------------------------------------------------------*/
  13          //#define   XXX     X
  14          
  15          
  16          
  17          
  18          //-----------------------------------------------------------------------------
  19          
  20          
  21          
  22          
  23          /*-----------------------------------------------------------------------------
  24           * End
  25           *---------------------------------------------------------------------------*/
C51 COMPILER V7.06   OEM_FAN                                                               07/06/2010 09:59:47 PAGE 2   

ASSEMBLY LISTING OF GENERATED OBJECT CODE




MODULE INFORMATION:   STATIC OVERLAYABLE
   CODE SIZE        =   ----    ----
   CONSTANT SIZE    =   ----    ----
   XDATA SIZE       =   ----    ----
   PDATA SIZE       =   ----    ----
   DATA SIZE        =   ----    ----
   IDATA SIZE       =   ----    ----
   BIT SIZE         =   ----    ----
END OF MODULE INFORMATION.


C51 COMPILATION COMPLETE.  0 WARNING(S),  0 ERROR(S)
