C51 COMPILER V7.06   OEM_LED                                                               07/06/2010 09:59:49 PAGE 1   


C51 COMPILER V7.06, COMPILATION OF MODULE OEM_LED
OBJECT MODULE PLACED IN SOURCE\OEM_LED.OBJ
COMPILER INVOKED BY: C:\Keil\C51\BIN\c51.exe SOURCE\OEM_LED.C LA WL(1) CD OT(8,SIZE) OR

stmt level    source

   1          /*-----------------------------------------------------------------------------
   2           * TITLE: OEM_LED.C
   3           *
   4           * Copyright (c) 1983-2009, Insyde Software Corporation. All Rights Reserved.
   5           *
   6           * You may not reproduce, distribute, publish, display, perform, modify, adapt,
   7           * transmit, broadcast, present, recite, release, license or otherwise exploit
   8           * any part of this publication in any form, by any means, without the prior
   9           * written permission of Insyde Software Corporation.
  10           *---------------------------------------------------------------------------*/
  11          #include "CORE_INCLUDE.H"
  12          #include "OEM_INCLUDE.H"
  13          
  14          /*-----------------------------------------------------------------------------
  15           * Local Parameter Definition
  16           *---------------------------------------------------------------------------*/
  17          //#define
  18          
  19          /*-----------------------------------------------------------------------------
  20           * Local Process Definition
  21           *---------------------------------------------------------------------------*/
  22          
  23          
  24          /* ----------------------------------------------------------------------------
  25           * FUNCTION: OEM_Write_Leds
  26           *
  27           * Write to SCROLL LOCK, NUM LOCK, CAPS LOCK, and any custom LEDs (including
  28           * an "Fn" key LED).
  29           *
  30           * Input: data (LED_ON bit) = Data to write to the LEDs
  31           *         bit 0 - SCROLL, Scroll Lock
  32           *         bit 1 - NUM,    Num Lock
  33           *         bit 2 - CAPS,   Caps Lock
  34           *         bit 3 - OVL,    Fn LED
  35           *         bit 4 - LED4,   Undefined
  36           *         bit 5 - LED5,   Undefined
  37           *         bit 6 - LED6,   Undefined
  38           *         bit 7 - LED7,   Undefined
  39           *
  40           * Updates Led_Data variable and calls send_leds if appropriate.
  41           * ------------------------------------------------------------------------- */
  42          void OEM_Write_Leds(void)
  43          {
  44   1          #if LED_SCROLLOCK_SUPPORTED
  45   1          if ( Led_Data_SCROLL )  // Check ScrollLock LED Status
  46   1          {
  47   2              SCROLED_ON();
  48   2          }
  49   1          else
  50   1          {
  51   2              SCROLED_OFF();
  52   2          }
  53   1          #endif
  54   1      
  55   1          #if LED_NUMLOCK_SUPPORTED
C51 COMPILER V7.06   OEM_LED                                                               07/06/2010 09:59:49 PAGE 2   

  56   1          if ( Led_Data_NUM ) // Check NumLock LED Status
  57   1          {
  58   2              NUMLED_ON();
  59   2          }
  60   1          else
  61   1          {
  62   2              NUMLED_OFF();
  63   2          }
  64   1          #endif
  65   1      
  66   1          #if LED_CAPSLOCK_SUPPORTED
  67   1          if ( Led_Data_CAPS )    // Check CapsLock LED Status
  68   1          {
  69   2              CAPLED_ON();
  70   2          }
  71   1          else
  72   1          {
  73   2              CAPLED_OFF();
  74   2          }
  75   1          #endif
  76   1      
  77   1      }
  78          
  79          
  80          //-----------------------------------------------------------------------------
  81          // Oem LED Here
  82          // Copyright (c) 2006-2009, ITE Tech. Inc. All Rights Reserved.
  83          //-----------------------------------------------------------------------------
  84          void Service_LED_Indicator(void)
  85          {
  86   1      
  87   1          if (SysPowState == _SYSTEM_S5)
  88   1          {
  89   2              return;
  90   2          }
  91   1      
  92   1          if (CORE_PMFLAG_S0)
  93   1          {
  94   2              PWRLED1_ON();
  95   2          }
  96   1          else if (SysPowState == _SYSTEM_S3)
  97   1          {
  98   2              PWRLED1_TG();
  99   2          }
 100   1      
 101   1          if( STATE_CARD() )
 102   1          {
 103   2              CARD_LED_OFF(); //Hi->No Card
 104   2          }
 105   1          else
 106   1          {
 107   2              CARD_LED_ON();
 108   2          }
 109   1          //BATLED0_TG();   //BLUE COLOR
 110   1          BATLED1_TG();   //YELLOW COLOR
 111   1      }
 112          
 113          
 114          //-----------------------------------------------------------------------------
 115          // Oem LED Here
 116          //-----------------------------------------------------------------------------
 117          
C51 COMPILER V7.06   OEM_LED                                                               07/06/2010 09:59:49 PAGE 3   

 118          
 119          
 120          
 121          
 122          
 123          
 124          
 125          
 126          
 127          
 128          
 129          
 130          
 131          
 132          
 133          
 134          
 135          
 136          
 137          
 138          /*-----------------------------------------------------------------------------
 139           * End
 140           *---------------------------------------------------------------------------*/
C51 COMPILER V7.06   OEM_LED                                                               07/06/2010 09:59:49 PAGE 4   

ASSEMBLY LISTING OF GENERATED OBJECT CODE


             ; FUNCTION OEM_Write_Leds (BEGIN)
                                           ; SOURCE LINE # 42
                                           ; SOURCE LINE # 43
                                           ; SOURCE LINE # 45
0000 901601            MOV     DPTR,#01601H
0003 E0                MOVX    A,@DPTR
0004 300005      E     JNB     Led_Data_SCROLL,?C0001
                                           ; SOURCE LINE # 46
                                           ; SOURCE LINE # 47
0007 54FE              ANL     A,#0FEH
0009 F0                MOVX    @DPTR,A
                                           ; SOURCE LINE # 48
000A 8003              SJMP    ?C0002
000C         ?C0001:
                                           ; SOURCE LINE # 50
                                           ; SOURCE LINE # 51
000C 4401              ORL     A,#01H
000E F0                MOVX    @DPTR,A
                                           ; SOURCE LINE # 52
000F         ?C0002:
                                           ; SOURCE LINE # 56
000F 901603            MOV     DPTR,#01603H
0012 E0                MOVX    A,@DPTR
0013 300005      E     JNB     Led_Data_NUM,?C0003
                                           ; SOURCE LINE # 57
                                           ; SOURCE LINE # 58
0016 54DF              ANL     A,#0DFH
0018 F0                MOVX    @DPTR,A
                                           ; SOURCE LINE # 59
0019 8003              SJMP    ?C0004
001B         ?C0003:
                                           ; SOURCE LINE # 61
                                           ; SOURCE LINE # 62
001B 4420              ORL     A,#020H
001D F0                MOVX    @DPTR,A
                                           ; SOURCE LINE # 63
001E         ?C0004:
                                           ; SOURCE LINE # 67
001E 901607            MOV     DPTR,#01607H
0021 E0                MOVX    A,@DPTR
0022 300004      E     JNB     Led_Data_CAPS,?C0005
                                           ; SOURCE LINE # 68
                                           ; SOURCE LINE # 69
0025 54FD              ANL     A,#0FDH
0027 F0                MOVX    @DPTR,A
                                           ; SOURCE LINE # 70
0028 22                RET     
0029         ?C0005:
                                           ; SOURCE LINE # 72
                                           ; SOURCE LINE # 73
0029 4402              ORL     A,#02H
002B F0                MOVX    @DPTR,A
                                           ; SOURCE LINE # 74
                                           ; SOURCE LINE # 77
002C         ?C0007:
002C 22                RET     
             ; FUNCTION OEM_Write_Leds (END)

             ; FUNCTION Service_LED_Indicator (BEGIN)
C51 COMPILER V7.06   OEM_LED                                                               07/06/2010 09:59:49 PAGE 5   

                                           ; SOURCE LINE # 84
                                           ; SOURCE LINE # 85
                                           ; SOURCE LINE # 87
0000 900580            MOV     DPTR,#0580H
0003 E0                MOVX    A,@DPTR
0004 6405              XRL     A,#05H
0006 6038              JZ      ?C0009
                                           ; SOURCE LINE # 88
                                           ; SOURCE LINE # 90
0008         ?C0008:
                                           ; SOURCE LINE # 92
0008 7800        E     MOV     R0,#LOW CORE_PMFLAG
000A E6                MOV     A,@R0
000B 30E009            JNB     ACC.0,?C0010
                                           ; SOURCE LINE # 93
                                           ; SOURCE LINE # 94
000E 901601            MOV     DPTR,#01601H
0011 E0                MOVX    A,@DPTR
0012 54DF              ANL     A,#0DFH
0014 F0                MOVX    @DPTR,A
                                           ; SOURCE LINE # 95
0015 800E              SJMP    ?C0011
0017         ?C0010:
                                           ; SOURCE LINE # 96
0017 900580            MOV     DPTR,#0580H
001A E0                MOVX    A,@DPTR
001B B40307            CJNE    A,#03H,?C0011
                                           ; SOURCE LINE # 97
                                           ; SOURCE LINE # 98
001E 901601            MOV     DPTR,#01601H
0021 E0                MOVX    A,@DPTR
0022 6420              XRL     A,#020H
0024 F0                MOVX    @DPTR,A
                                           ; SOURCE LINE # 99
0025         ?C0011:
                                           ; SOURCE LINE # 101
0025 901603            MOV     DPTR,#01603H
0028 E0                MOVX    A,@DPTR
0029 901602            MOV     DPTR,#01602H
002C 30E006            JNB     ACC.0,?C0013
                                           ; SOURCE LINE # 102
                                           ; SOURCE LINE # 103
002F E0                MOVX    A,@DPTR
0030 4404              ORL     A,#04H
0032 F0                MOVX    @DPTR,A
                                           ; SOURCE LINE # 104
0033 8004              SJMP    ?C0014
0035         ?C0013:
                                           ; SOURCE LINE # 106
                                           ; SOURCE LINE # 107
0035 E0                MOVX    A,@DPTR
0036 54FB              ANL     A,#0FBH
0038 F0                MOVX    @DPTR,A
                                           ; SOURCE LINE # 108
0039         ?C0014:
                                           ; SOURCE LINE # 110
0039 901601            MOV     DPTR,#01601H
003C E0                MOVX    A,@DPTR
003D 6440              XRL     A,#040H
003F F0                MOVX    @DPTR,A
                                           ; SOURCE LINE # 111
0040         ?C0009:
C51 COMPILER V7.06   OEM_LED                                                               07/06/2010 09:59:49 PAGE 6   

0040 22                RET     
             ; FUNCTION Service_LED_Indicator (END)



MODULE INFORMATION:   STATIC OVERLAYABLE
   CODE SIZE        =    110    ----
   CONSTANT SIZE    =   ----    ----
   XDATA SIZE       =   ----    ----
   PDATA SIZE       =   ----    ----
   DATA SIZE        =   ----    ----
   IDATA SIZE       =   ----    ----
   BIT SIZE         =   ----    ----
END OF MODULE INFORMATION.


C51 COMPILATION COMPLETE.  0 WARNING(S),  0 ERROR(S)
