C51 COMPILER V7.06   OEM_KBC6064                                                           07/06/2010 09:59:48 PAGE 1   


C51 COMPILER V7.06, COMPILATION OF MODULE OEM_KBC6064
OBJECT MODULE PLACED IN SOURCE\OEM_KBC6064.OBJ
COMPILER INVOKED BY: C:\Keil\C51\BIN\c51.exe SOURCE\OEM_KBC6064.C LA WL(1) CD OT(8,SIZE) OR

stmt level    source

   1          /*-----------------------------------------------------------------------------
   2           * Filename: OEM_KBC6064.C
   3           * Function: OEM Extended KBC Commands Handle
   4           *
   5           * Copyright (c) 2006-2009, ITE Tech. Inc. All Rights Reserved.
   6           *---------------------------------------------------------------------------*/
   7          #include "CORE_INCLUDE.H"
   8          #include "OEM_INCLUDE.H"
   9          
  10          //-----------------------------------------------------------------------------
  11          /* Customer : ??? Model: XXX
  12          //-----------------------------------------------------------------------------
  13           * OEM Keyboard Controller Commands Related to PC Systems  (Port 64h)
  14          //-----------------------------------------------------------------------------
  15           * Command - Description
  16          //-----------------------------------------------------------------------------
  17           * Cmd_80:
  18           * Cmd_81:
  19           * Cmd_82:
  20           * Cmd_83:
  21           * Cmd_84:
  22           * Cmd_85:
  23           * Cmd_86:
  24           * Cmd_87:
  25           * Cmd_88:
  26           * Cmd_89:
  27           * Cmd_8A:
  28           * Cmd_8B:
  29           * Cmd_8C:
  30           * Cmd_8D:
  31           * Cmd_8E:
  32           * Cmd_8F:
  33           * Cmd_90: Notice
  34           * Cmd_91: Notice
  35           * Cmd_92: Notice
  36           * Cmd_93: Notice
  37           * Cmd_94:
  38           * Cmd_95:
  39           * Cmd_96:
  40           * Cmd_97:
  41           * Cmd_98:
  42           * Cmd_99:
  43           * Cmd_9A:
  44           * Cmd_9B:
  45           * Cmd_9C:
  46           * Cmd_9D:
  47           * Cmd_9E:
  48           * Cmd_9F:
  49           * Cmd_A0:
  50           * Cmd_A2:
  51           * Cmd_A3:
  52           * Cmd_AF:
  53           * Cmd_B0:
  54           * Cmd_B1:
  55           * Cmd_B2:
C51 COMPILER V7.06   OEM_KBC6064                                                           07/06/2010 09:59:48 PAGE 2   

  56           * Cmd_B3:
  57           * Cmd_B4:
  58           * Cmd_B5:
  59           * Cmd_B6:
  60           * Cmd_B7:
  61           * Cmd_B8:
  62           * Cmd_B9:
  63           * Cmd_BA:
  64           * Cmd_BB:
  65           * Cmd_BC:
  66           * Cmd_BD:
  67           * Cmd_BE:
  68           * Cmd_BF:
  69           * Cmd_C0:
  70           * Cmd_C1:
  71           * Cmd_C2:
  72           * Cmd_C3:
  73           * Cmd_C4:
  74           * Cmd_C5:
  75           * Cmd_C6:
  76           * Cmd_C7:
  77           * Cmd_C8:
  78           * Cmd_C9:
  79           * Cmd_CA:
  80           * Cmd_CB:
  81           * Cmd_CC:
  82           * Cmd_CD:
  83           * Cmd_CE:
  84           * Cmd_CF:
  85           * Cmd_D5:
  86           * Cmd_D6:
  87           * Cmd_D7:
  88           * Cmd_D8:
  89           * Cmd_D9:
  90           * Cmd_DA:
  91           * Cmd_DB:
  92           * Cmd_DC:
  93           * Cmd_DD:
  94           * Cmd_DE:
  95           * Cmd_DF:
  96           * Cmd_E1:
  97           * Cmd_E2:
  98           * Cmd_E3:
  99           * Cmd_E4:
 100           * Cmd_E5:
 101           * Cmd_E6:
 102           * Cmd_E7:
 103           * Cmd_E8:
 104           * Cmd_E9:
 105           * Cmd_EA:
 106           * Cmd_EB:
 107           * Cmd_EC:
 108           * Cmd_ED:
 109           * Cmd_EE:
 110           * Cmd_EF:
 111          //-----------------------------------------------------------------------------
 112          */
 113          
 114          //-----------------------------------------------------------------------
 115          // Handle KBC command 80 -
 116          //-----------------------------------------------------------------------
 117          void Cmd_80(void)
C51 COMPILER V7.06   OEM_KBC6064                                                           07/06/2010 09:59:48 PAGE 3   

 118          {
 119   1          //if ( SetGetPort60Data() ) //Get KBHIData
 120   1          //{
 121   1          //
 122   1          //}
 123   1      
 124   1      }
 125          
 126          //-----------------------------------------------------------------------
 127          // Handle KBC command 81 -
 128          //-----------------------------------------------------------------------
 129          void Cmd_81(void)
 130          {
 131   1      }
 132          
 133          //-----------------------------------------------------------------------
 134          // Handle KBC command 82 -
 135          //-----------------------------------------------------------------------
 136          void Cmd_82(void)
 137          {
 138   1      
 139   1      }
 140          
 141          //-----------------------------------------------------------------------
 142          // Handle KBC command 83 -
 143          //-----------------------------------------------------------------------
 144          void Cmd_83(void)
 145          {
 146   1      
 147   1      }
 148          
 149          //-----------------------------------------------------------------------
 150          // Handle KBC command 84 -
 151          //-----------------------------------------------------------------------
 152          void Cmd_84(void)
 153          {
 154   1      
 155   1      }
 156          
 157          //-----------------------------------------------------------------------
 158          // Handle KBC command 85 -
 159          //-----------------------------------------------------------------------
 160          void Cmd_85(void)
 161          {
 162   1          OS_ACPI_Mode = 0;
 163   1      }
 164          
 165          //-----------------------------------------------------------------------
 166          // Handle KBC command 86 -
 167          //-----------------------------------------------------------------------
 168          void Cmd_86(void)
 169          {
 170   1          OS_ACPI_Mode = 1;
 171   1      }
 172          
 173          //-----------------------------------------------------------------------
 174          // Handle KBC command 87 -
 175          //-----------------------------------------------------------------------
 176          void Cmd_87(void)
 177          {
 178   1          //if ( SetGetPort60Data() )
 179   1          //{
C51 COMPILER V7.06   OEM_KBC6064                                                           07/06/2010 09:59:48 PAGE 4   

 180   1          //
 181   1          //}
 182   1      }
 183          
 184          //-----------------------------------------------------------------------
 185          // Handle KBC command 88 -
 186          //-----------------------------------------------------------------------
 187          void Cmd_88(void)
 188          {
 189   1          //if ( SetGetPort60Data() ) //Get KBHIData
 190   1          //{
 191   1          //
 192   1          //}
 193   1      }
 194          
 195          //-----------------------------------------------------------------------
 196          // Handle KBC command 89 -
 197          //-----------------------------------------------------------------------
 198          void Cmd_89(void)
 199          {
 200   1      
 201   1      }
 202          
 203          //-----------------------------------------------------------------------
 204          // Handle KBC command 8A -
 205          //-----------------------------------------------------------------------
 206          void Cmd_8A(void)
 207          {
 208   1      
 209   1      }
 210          
 211          //-----------------------------------------------------------------------
 212          // Handle KBC command 8B -
 213          //-----------------------------------------------------------------------
 214          void Cmd_8B(void)
 215          {
 216   1      
 217   1      }
 218          
 219          //-----------------------------------------------------------------------
 220          // Handle KBC command 8C - Warmboot (Off-0.25s-on) (worse solution)
 221          //-----------------------------------------------------------------------
 222          void Cmd_8C(void)
 223          {
 224   1          Oem_ForceSystemOff();
 225   1          vDelay1MS(250);
 226   1          Oem_TriggerPowerOn();
 227   1      
 228   1      }
 229          
 230          //-----------------------------------------------------------------------
 231          // Handle KBC command 8D -
 232          //-----------------------------------------------------------------------
 233          void Cmd_8D(void)
 234          {
 235   1      
 236   1      }
 237          
 238          //-----------------------------------------------------------------------
 239          // Handle KBC command 8E -
 240          //-----------------------------------------------------------------------
 241          void Cmd_8E(void)
C51 COMPILER V7.06   OEM_KBC6064                                                           07/06/2010 09:59:48 PAGE 5   

 242          {
 243   1      
 244   1      }
 245          
 246          //-----------------------------------------------------------------------
 247          // Handle KBC command 8F -
 248          //-----------------------------------------------------------------------
 249          void Cmd_8F(void)
 250          {
 251   1      
 252   1      }
 253          
 254          //-----------------------------------------------------------------------
 255          // Handle command 94 - Run the firmware code on "RAM" for host SPI R/W
 256          //-----------------------------------------------------------------------
 257          void Cmd_94(void)
 258          {
 259   1          RamCodePort = 0x64;
 260   1          RunCodeInRAM();
 261   1      }
 262          
 263          //-----------------------------------------------------------------------
 264          // Handle command 95 -
 265          //-----------------------------------------------------------------------
 266          void Cmd_95(void)
 267          {
 268   1      
 269   1      }
 270          
 271          //-----------------------------------------------------------------------
 272          // Handle command 96 -
 273          //-----------------------------------------------------------------------
 274          void Cmd_96(void)
 275          {
 276   1      
 277   1      }
 278          
 279          //-----------------------------------------------------------------------
 280          // Handle command 97 -
 281          //-----------------------------------------------------------------------
 282          void Cmd_97(void)
 283          {
 284   1      
 285   1      }
 286          
 287          //-----------------------------------------------------------------------
 288          // Handle command 98 -
 289          //-----------------------------------------------------------------------
 290          void Cmd_98(void)
 291          {
 292   1      
 293   1      }
 294          
 295          //-----------------------------------------------------------------------
 296          // Handle command 99 -
 297          //-----------------------------------------------------------------------
 298          void Cmd_99(void)
 299          {
 300   1      
 301   1      }
 302          
 303          //-----------------------------------------------------------------------
C51 COMPILER V7.06   OEM_KBC6064                                                           07/06/2010 09:59:48 PAGE 6   

 304          // Handle command 9A -
 305          //-----------------------------------------------------------------------
 306          void Cmd_9A(void)
 307          {
 308   1      
 309   1      }
 310          
 311          //-----------------------------------------------------------------------
 312          // Handle command 9B -
 313          //-----------------------------------------------------------------------
 314          void Cmd_9B(void)
 315          {
 316   1          //if ( SetGetPort60Data() ) //Get KBHIData
 317   1          //{
 318   1          //  _R6 = KBHIData;
 319   1          //}
 320   1      }
 321          
 322          //-----------------------------------------------------------------------
 323          // Handle command 9C -
 324          //-----------------------------------------------------------------------
 325          void Cmd_9C(void)
 326          {
 327   1      
 328   1      }
 329          
 330          //-----------------------------------------------------------------------
 331          // Handle command 9D -
 332          //-----------------------------------------------------------------------
 333          void Cmd_9D(void)
 334          {
 335   1      
 336   1      }
 337          
 338          //-----------------------------------------------------------------------
 339          // Handle command 9E -
 340          //-----------------------------------------------------------------------
 341          void Cmd_9E(void)
 342          {
 343   1      
 344   1      }
 345          
 346          //-----------------------------------------------------------------------
 347          // Handle command 9F - Oem Code Version
 348          //-----------------------------------------------------------------------
 349          void Cmd_9F(void)
 350          {
 351   1          KBC_DataToHost(Oem_TestVer);
 352   1      }
 353          
 354          //-----------------------------------------------------------------------
 355          // Handle KBC command A0 - Kernel Core Version
 356          //-----------------------------------------------------------------------
 357          void Cmd_A0(void)
 358          {
 359   1          KBC_DataToHost( CORE_Version );
 360   1      }
 361          
 362          //-----------------------------------------------------------------------
 363          // Handle KBC command A2 -
 364          //-----------------------------------------------------------------------
 365          void Cmd_A2(void)
C51 COMPILER V7.06   OEM_KBC6064                                                           07/06/2010 09:59:48 PAGE 7   

 366          {
 367   1          KBC_DataToHost(Oem_CodeVer);
 368   1      }
 369          
 370          //-----------------------------------------------------------------------
 371          // Handle KBC command A3 -
 372          //-----------------------------------------------------------------------
 373          void Cmd_A3(void)
 374          {
 375   1      
 376   1      }
 377          
 378          //-----------------------------------------------------------------------
 379          // Handle KBC command AF -
 380          //-----------------------------------------------------------------------
 381          void Cmd_AF(void)
 382          {
 383   1      
 384   1      }
 385          
 386          //-----------------------------------------------------------------------
 387          // Handle command B0 -
 388          //-----------------------------------------------------------------------
 389          void Cmd_B0(void)
 390          {
 391   1      
 392   1      }
 393          
 394          //-----------------------------------------------------------------------
 395          // Handle KBC command B1 -
 396          //-----------------------------------------------------------------------
 397          void Cmd_B1(void)
 398          {
 399   1      
 400   1      }
 401          
 402          //-----------------------------------------------------------------------
 403          // Handle command B2 -
 404          //-----------------------------------------------------------------------
 405          void Cmd_B2(void)
 406          {
 407   1      
 408   1      }
 409          
 410          //-----------------------------------------------------------------------
 411          // Handle command B3 -
 412          //-----------------------------------------------------------------------
 413          void Cmd_B3(void)
 414          {
 415   1      
 416   1      }
 417          
 418          //-----------------------------------------------------------------------
 419          // Handle command B4 - Run the firmware code on "RAM" for host SPI R/W
 420          //-----------------------------------------------------------------------
 421          void Cmd_B4(void)
 422          {
 423   1          RamCodePort = 0x64;
 424   1          RunCodeInRAM();
 425   1      }
 426          
 427          //-----------------------------------------------------------------------
C51 COMPILER V7.06   OEM_KBC6064                                                           07/06/2010 09:59:48 PAGE 8   

 428          // Handle command B5 -
 429          //-----------------------------------------------------------------------
 430          void Cmd_B5(void)
 431          {
 432   1      
 433   1      }
 434          
 435          //-----------------------------------------------------------------------
 436          // Handle command B6 -
 437          //-----------------------------------------------------------------------
 438          void Cmd_B6(void)
 439          {
 440   1      
 441   1      }
 442          
 443          //-----------------------------------------------------------------------
 444          // Handle command B7 -
 445          //-----------------------------------------------------------------------
 446          void Cmd_B7(void)
 447          {
 448   1      
 449   1      }
 450          
 451          //-----------------------------------------------------------------------
 452          // Handle command B8 -
 453          //-----------------------------------------------------------------------
 454          void Cmd_B8(void)
 455          {
 456   1      
 457   1      }
 458          
 459          //-----------------------------------------------------------------------
 460          // Handle command B9 -
 461          //-----------------------------------------------------------------------
 462          void Cmd_B9(void)
 463          {
 464   1      
 465   1      }
 466          
 467          //-----------------------------------------------------------------------
 468          // Handle command BA -
 469          //-----------------------------------------------------------------------
 470          void Cmd_BA(void)
 471          {
 472   1      
 473   1      }
 474          
 475          //-----------------------------------------------------------------------
 476          // Handle command BB -
 477          //-----------------------------------------------------------------------
 478          void Cmd_BB(void)
 479          {
 480   1      
 481   1      }
 482          
 483          //-----------------------------------------------------------------------
 484          // Handle command BC -
 485          //-----------------------------------------------------------------------
 486          void Cmd_BC(void)
 487          {
 488   1      
 489   1      }
C51 COMPILER V7.06   OEM_KBC6064                                                           07/06/2010 09:59:48 PAGE 9   

 490          
 491          //-----------------------------------------------------------------------
 492          // Handle command BD -
 493          //-----------------------------------------------------------------------
 494          void Cmd_BD(void)
 495          {
 496   1      
 497   1      }
 498          
 499          //-----------------------------------------------------------------------
 500          // Handle command BE -
 501          //-----------------------------------------------------------------------
 502          void Cmd_BE(void)
 503          {
 504   1      
 505   1      }
 506          
 507          //-----------------------------------------------------------------------
 508          // Handle command BF -
 509          //-----------------------------------------------------------------------
 510          void Cmd_BF(void)
 511          {
 512   1      
 513   1      }
 514          
 515          
 516          //-----------------------------------------------------------------------
 517          // Handle command C1 -
 518          //-----------------------------------------------------------------------
 519          void Cmd_C1(void)
 520          {
 521   1      
 522   1      }
 523          
 524          //-----------------------------------------------------------------------
 525          // Handle command C2 -
 526          //-----------------------------------------------------------------------
 527          void Cmd_C2(void)
 528          {
 529   1      
 530   1      }
 531          
 532          //-----------------------------------------------------------------------
 533          // Handle command C3 -
 534          //-----------------------------------------------------------------------
 535          void Cmd_C3(void)
 536          {
 537   1          if ( SetGetPort60Data() )   //Get KBHIData
 538   1          {
 539   2              AutoColdBootTimer = KBHIData;
 540   2          }
 541   1      
 542   1      }
 543          
 544          //-----------------------------------------------------------------------
 545          // Handle command C4 -
 546          //-----------------------------------------------------------------------
 547          void Cmd_C4(void)
 548          {
 549   1      
 550   1      }
 551          
C51 COMPILER V7.06   OEM_KBC6064                                                           07/06/2010 09:59:48 PAGE 10  

 552          //-----------------------------------------------------------------------
 553          // Handle command C5 -
 554          //-----------------------------------------------------------------------
 555          void Cmd_C5(void)
 556          {
 557   1          KBC_DataToHost(Oem_SubVer);
 558   1      }
 559          
 560          //-----------------------------------------------------------------------
 561          // Handle command C6 -
 562          //-----------------------------------------------------------------------
 563          void Cmd_C6(void)
 564          {
 565   1      
 566   1      }
 567          
 568          //-----------------------------------------------------------------------
 569          // Handle command C7 -
 570          //-----------------------------------------------------------------------
 571          void Cmd_C7(void)
 572          {
 573   1      
 574   1      }
 575          
 576          //-----------------------------------------------------------------------
 577          // Handle command C8 -
 578          //-----------------------------------------------------------------------
 579          void Cmd_C8(void)
 580          {
 581   1      
 582   1      }
 583          
 584          //-----------------------------------------------------------------------
 585          // Handle command C9 -
 586          //-----------------------------------------------------------------------
 587          void Cmd_C9(void)
 588          {
 589   1      
 590   1      }
 591          
 592          //-----------------------------------------------------------------------
 593          // Handle command CA -
 594          //-----------------------------------------------------------------------
 595          void Cmd_CA(void)
 596          {
 597   1      
 598   1      }
 599          
 600          //-----------------------------------------------------------------------
 601          // Handle command CB -
 602          //-----------------------------------------------------------------------
 603          void Cmd_CB(void)
 604          {
 605   1      
 606   1      }
 607          
 608          //-----------------------------------------------------------------------
 609          // Handle command CC -
 610          //-----------------------------------------------------------------------
 611          void Cmd_CC(void)
 612          {
 613   1      
C51 COMPILER V7.06   OEM_KBC6064                                                           07/06/2010 09:59:48 PAGE 11  

 614   1      }
 615          
 616          //-----------------------------------------------------------------------
 617          // Handle command CD -
 618          //-----------------------------------------------------------------------
 619          void Cmd_CD(void)
 620          {
 621   1          //if ( SetGetPort60Data() ) //Get KBHIData
 622   1          //{
 623   1          //
 624   1          // }
 625   1      }
 626          
 627          //-----------------------------------------------------------------------
 628          // Handle command CE -
 629          //-----------------------------------------------------------------------
 630          void Cmd_CE(void)
 631          {
 632   1      
 633   1      }
 634          
 635          //-----------------------------------------------------------------------
 636          // Handle command CF -
 637          //-----------------------------------------------------------------------
 638          void Cmd_CF(void)
 639          {
 640   1      
 641   1      }
 642          
 643          //-----------------------------------------------------------------------
 644          // Handle command D5 - Get TouchPad ID
 645          //-----------------------------------------------------------------------
 646          void Cmd_D5(void)
 647          {
 648   1          //KBC_DataToHost( Get_TouchPad_ID() );
 649   1      }
 650          
 651          //-----------------------------------------------------------------------
 652          // Handle command D6 -
 653          //-----------------------------------------------------------------------
 654          void Cmd_D6(void)
 655          {
 656   1      
 657   1      }
 658          
 659          //-----------------------------------------------------------------------
 660          // Handle command D7 - Phoenix BIOS Get Model Information
 661          //-----------------------------------------------------------------------
 662          void Cmd_D7(void)
 663          {
 664   1          KBC_DataToHost(0x98);
 665   1          KBC_DataToHost(0x76);
 666   1          KBC_DataToHost(0x54);
 667   1      
 668   1      }
 669          
 670          //-----------------------------------------------------------------------
 671          // Handle command D8 -
 672          //-----------------------------------------------------------------------
 673          void Cmd_D8(void)
 674          {
 675   1          ;
C51 COMPILER V7.06   OEM_KBC6064                                                           07/06/2010 09:59:48 PAGE 12  

 676   1      }
 677          
 678          //-----------------------------------------------------------------------
 679          // Handle command D9 -
 680          //-----------------------------------------------------------------------
 681          void Cmd_D9(void)
 682          {
 683   1      
 684   1      }
 685          
 686          //-----------------------------------------------------------------------
 687          // Handle command DA -
 688          //-----------------------------------------------------------------------
 689          void Cmd_DA(void)
 690          {
 691   1      
 692   1      }
 693          
 694          //-----------------------------------------------------------------------
 695          // Handle command DB -
 696          //-----------------------------------------------------------------------
 697          void Cmd_DB(void)
 698          {
 699   1      
 700   1      }
 701          
 702          //-----------------------------------------------------------------------
 703          // Handle command DC -
 704          //-----------------------------------------------------------------------
 705          void Cmd_DC(void)
 706          {
 707   1      
 708   1      }
 709          
 710          //-----------------------------------------------------------------------
 711          // Handle command DD -
 712          //-----------------------------------------------------------------------
 713          void Cmd_DD(void)
 714          {
 715   1      
 716   1      }
 717          
 718          //-----------------------------------------------------------------------
 719          // Handle command DE -
 720          //-----------------------------------------------------------------------
 721          void Cmd_DE(void)
 722          {
 723   1      
 724   1      }
 725          
 726          //-----------------------------------------------------------------------
 727          // Handle command DF -
 728          //-----------------------------------------------------------------------
 729          void Cmd_DF(void)
 730          {
 731   1      
 732   1      }
 733          
 734          
 735          //-----------------------------------------------------------------------
 736          // Handle command E1 -
 737          //-----------------------------------------------------------------------
C51 COMPILER V7.06   OEM_KBC6064                                                           07/06/2010 09:59:48 PAGE 13  

 738          void Cmd_E1(void)
 739          {
 740   1      
 741   1      }
 742          
 743          //-----------------------------------------------------------------------
 744          // Handle command E2 -
 745          //-----------------------------------------------------------------------
 746          void Cmd_E2(void)
 747          {
 748   1      
 749   1      }
 750          
 751          //-----------------------------------------------------------------------
 752          // Handle command E3 -
 753          //-----------------------------------------------------------------------
 754          void Cmd_E3(void)
 755          {
 756   1      
 757   1      }
 758          
 759          //-----------------------------------------------------------------------
 760          // Handle command E4 -
 761          //-----------------------------------------------------------------------
 762          void Cmd_E4(void)
 763          {
 764   1      
 765   1      }
 766          
 767          //-----------------------------------------------------------------------
 768          // Handle command E5 -
 769          //-----------------------------------------------------------------------
 770          void Cmd_E5(void)
 771          {
 772   1      
 773   1      }
 774          
 775          //-----------------------------------------------------------------------
 776          // Handle command E6 -
 777          //-----------------------------------------------------------------------
 778          void Cmd_E6(void)
 779          {
 780   1      
 781   1      }
 782          
 783          //-----------------------------------------------------------------------
 784          // Handle command E7 -
 785          //-----------------------------------------------------------------------
 786          void Cmd_E7(void)
 787          {
 788   1      
 789   1      }
 790          
 791          //-----------------------------------------------------------------------
 792          // Handle command E8 -
 793          //-----------------------------------------------------------------------
 794          void Cmd_E8(void)
 795          {
 796   1      
 797   1      }
 798          
 799          //-----------------------------------------------------------------------
C51 COMPILER V7.06   OEM_KBC6064                                                           07/06/2010 09:59:48 PAGE 14  

 800          // Handle command E9 -
 801          //-----------------------------------------------------------------------
 802          void Cmd_E9(void)
 803          {
 804   1      
 805   1      }
 806          
 807          //-----------------------------------------------------------------------
 808          // Handle command EA -
 809          //-----------------------------------------------------------------------
 810          void Cmd_EA(void)
 811          {
 812   1      
 813   1      }
 814          
 815          //-----------------------------------------------------------------------
 816          // Handle command EB -
 817          //-----------------------------------------------------------------------
 818          void Cmd_EB(void)
 819          {
 820   1      
 821   1      }
 822          
 823          //-----------------------------------------------------------------------
 824          // Handle command EC -
 825          //-----------------------------------------------------------------------
 826          void Cmd_EC(void)
 827          {
 828   1      
 829   1      }
 830          
 831          //-----------------------------------------------------------------------
 832          // Handle command ED -
 833          //-----------------------------------------------------------------------
 834          void Cmd_ED(void)
 835          {
 836   1      
 837   1      }
 838          
 839          //-----------------------------------------------------------------------
 840          // Handle command EE -
 841          //-----------------------------------------------------------------------
 842          void Cmd_EE(void)
 843          {
 844   1      
 845   1      }
 846          
 847          //-----------------------------------------------------------------------
 848          // Handle command EF -
 849          //-----------------------------------------------------------------------
 850          void Cmd_EF(void)
 851          {
 852   1      
 853   1      }
 854          
 855          
 856          /*-----------------------------------------------------------------------------
 857           * End
 858           *---------------------------------------------------------------------------*/
C51 COMPILER V7.06   OEM_KBC6064                                                           07/06/2010 09:59:48 PAGE 15  

ASSEMBLY LISTING OF GENERATED OBJECT CODE


             ; FUNCTION Cmd_80 (BEGIN)
                                           ; SOURCE LINE # 117
                                           ; SOURCE LINE # 118
                                           ; SOURCE LINE # 124
0000 22                RET     
             ; FUNCTION Cmd_80 (END)

             ; FUNCTION Cmd_81 (BEGIN)
                                           ; SOURCE LINE # 129
                                           ; SOURCE LINE # 130
                                           ; SOURCE LINE # 131
0000 22                RET     
             ; FUNCTION Cmd_81 (END)

             ; FUNCTION Cmd_82 (BEGIN)
                                           ; SOURCE LINE # 136
                                           ; SOURCE LINE # 137
                                           ; SOURCE LINE # 139
0000 22                RET     
             ; FUNCTION Cmd_82 (END)

             ; FUNCTION Cmd_83 (BEGIN)
                                           ; SOURCE LINE # 144
                                           ; SOURCE LINE # 145
                                           ; SOURCE LINE # 147
0000 22                RET     
             ; FUNCTION Cmd_83 (END)

             ; FUNCTION Cmd_84 (BEGIN)
                                           ; SOURCE LINE # 152
                                           ; SOURCE LINE # 153
                                           ; SOURCE LINE # 155
0000 22                RET     
             ; FUNCTION Cmd_84 (END)

             ; FUNCTION Cmd_85 (BEGIN)
                                           ; SOURCE LINE # 160
                                           ; SOURCE LINE # 161
                                           ; SOURCE LINE # 162
0000 7800        E     MOV     R0,#LOW CORE_OSFLAG
0002 E6                MOV     A,@R0
0003 547F              ANL     A,#07FH
0005 F6                MOV     @R0,A
                                           ; SOURCE LINE # 163
0006 22                RET     
             ; FUNCTION Cmd_85 (END)

             ; FUNCTION Cmd_86 (BEGIN)
                                           ; SOURCE LINE # 168
                                           ; SOURCE LINE # 169
                                           ; SOURCE LINE # 170
0000 7800        E     MOV     R0,#LOW CORE_OSFLAG
0002 E6                MOV     A,@R0
0003 4480              ORL     A,#080H
0005 F6                MOV     @R0,A
                                           ; SOURCE LINE # 171
0006 22                RET     
             ; FUNCTION Cmd_86 (END)

C51 COMPILER V7.06   OEM_KBC6064                                                           07/06/2010 09:59:48 PAGE 16  

             ; FUNCTION Cmd_87 (BEGIN)
                                           ; SOURCE LINE # 176
                                           ; SOURCE LINE # 177
                                           ; SOURCE LINE # 182
0000 22                RET     
             ; FUNCTION Cmd_87 (END)

             ; FUNCTION Cmd_88 (BEGIN)
                                           ; SOURCE LINE # 187
                                           ; SOURCE LINE # 188
                                           ; SOURCE LINE # 193
0000 22                RET     
             ; FUNCTION Cmd_88 (END)

             ; FUNCTION Cmd_89 (BEGIN)
                                           ; SOURCE LINE # 198
                                           ; SOURCE LINE # 199
                                           ; SOURCE LINE # 201
0000 22                RET     
             ; FUNCTION Cmd_89 (END)

             ; FUNCTION Cmd_8A (BEGIN)
                                           ; SOURCE LINE # 206
                                           ; SOURCE LINE # 207
                                           ; SOURCE LINE # 209
0000 22                RET     
             ; FUNCTION Cmd_8A (END)

             ; FUNCTION Cmd_8B (BEGIN)
                                           ; SOURCE LINE # 214
                                           ; SOURCE LINE # 215
                                           ; SOURCE LINE # 217
0000 22                RET     
             ; FUNCTION Cmd_8B (END)

             ; FUNCTION Cmd_8C (BEGIN)
                                           ; SOURCE LINE # 222
                                           ; SOURCE LINE # 223
                                           ; SOURCE LINE # 224
0000 120000      E     LCALL   Oem_ForceSystemOff
                                           ; SOURCE LINE # 225
0003 7FFA              MOV     R7,#0FAH
0005 7E00              MOV     R6,#00H
0007 120000      E     LCALL   _vDelay1MS
                                           ; SOURCE LINE # 226
000A 020000      E     LJMP    Oem_TriggerPowerOn
             ; FUNCTION Cmd_8C (END)

             ; FUNCTION Cmd_8D (BEGIN)
                                           ; SOURCE LINE # 233
                                           ; SOURCE LINE # 234
                                           ; SOURCE LINE # 236
0000 22                RET     
             ; FUNCTION Cmd_8D (END)

             ; FUNCTION Cmd_8E (BEGIN)
                                           ; SOURCE LINE # 241
                                           ; SOURCE LINE # 242
                                           ; SOURCE LINE # 244
0000 22                RET     
             ; FUNCTION Cmd_8E (END)

C51 COMPILER V7.06   OEM_KBC6064                                                           07/06/2010 09:59:48 PAGE 17  

             ; FUNCTION Cmd_8F (BEGIN)
                                           ; SOURCE LINE # 249
                                           ; SOURCE LINE # 250
                                           ; SOURCE LINE # 252
0000 22                RET     
             ; FUNCTION Cmd_8F (END)

             ; FUNCTION Cmd_94 (BEGIN)
                                           ; SOURCE LINE # 257
                                           ; SOURCE LINE # 258
                                           ; SOURCE LINE # 259
0000 7800        E     MOV     R0,#LOW RamCodePort
0002 7664              MOV     @R0,#064H
                                           ; SOURCE LINE # 260
0004 020000      E     LJMP    RunCodeInRAM
             ; FUNCTION Cmd_94 (END)

             ; FUNCTION Cmd_95 (BEGIN)
                                           ; SOURCE LINE # 266
                                           ; SOURCE LINE # 267
                                           ; SOURCE LINE # 269
0000 22                RET     
             ; FUNCTION Cmd_95 (END)

             ; FUNCTION Cmd_96 (BEGIN)
                                           ; SOURCE LINE # 274
                                           ; SOURCE LINE # 275
                                           ; SOURCE LINE # 277
0000 22                RET     
             ; FUNCTION Cmd_96 (END)

             ; FUNCTION Cmd_97 (BEGIN)
                                           ; SOURCE LINE # 282
                                           ; SOURCE LINE # 283
                                           ; SOURCE LINE # 285
0000 22                RET     
             ; FUNCTION Cmd_97 (END)

             ; FUNCTION Cmd_98 (BEGIN)
                                           ; SOURCE LINE # 290
                                           ; SOURCE LINE # 291
                                           ; SOURCE LINE # 293
0000 22                RET     
             ; FUNCTION Cmd_98 (END)

             ; FUNCTION Cmd_99 (BEGIN)
                                           ; SOURCE LINE # 298
                                           ; SOURCE LINE # 299
                                           ; SOURCE LINE # 301
0000 22                RET     
             ; FUNCTION Cmd_99 (END)

             ; FUNCTION Cmd_9A (BEGIN)
                                           ; SOURCE LINE # 306
                                           ; SOURCE LINE # 307
                                           ; SOURCE LINE # 309
0000 22                RET     
             ; FUNCTION Cmd_9A (END)

             ; FUNCTION Cmd_9B (BEGIN)
                                           ; SOURCE LINE # 314
                                           ; SOURCE LINE # 315
C51 COMPILER V7.06   OEM_KBC6064                                                           07/06/2010 09:59:48 PAGE 18  

                                           ; SOURCE LINE # 320
0000 22                RET     
             ; FUNCTION Cmd_9B (END)

             ; FUNCTION Cmd_9C (BEGIN)
                                           ; SOURCE LINE # 325
                                           ; SOURCE LINE # 326
                                           ; SOURCE LINE # 328
0000 22                RET     
             ; FUNCTION Cmd_9C (END)

             ; FUNCTION Cmd_9D (BEGIN)
                                           ; SOURCE LINE # 333
                                           ; SOURCE LINE # 334
                                           ; SOURCE LINE # 336
0000 22                RET     
             ; FUNCTION Cmd_9D (END)

             ; FUNCTION Cmd_9E (BEGIN)
                                           ; SOURCE LINE # 341
                                           ; SOURCE LINE # 342
                                           ; SOURCE LINE # 344
0000 22                RET     
             ; FUNCTION Cmd_9E (END)

             ; FUNCTION Cmd_9F (BEGIN)
                                           ; SOURCE LINE # 349
                                           ; SOURCE LINE # 350
                                           ; SOURCE LINE # 351
0000 900000      E     MOV     DPTR,#Oem_TestVer
0003 E0                MOVX    A,@DPTR
0004 FF                MOV     R7,A
0005 020000      E     LJMP    _KBC_DataToHost
             ; FUNCTION Cmd_9F (END)

             ; FUNCTION Cmd_A0 (BEGIN)
                                           ; SOURCE LINE # 357
                                           ; SOURCE LINE # 358
                                           ; SOURCE LINE # 359
0000 900000      E     MOV     DPTR,#CORE_Version
0003 E0                MOVX    A,@DPTR
0004 FF                MOV     R7,A
0005 020000      E     LJMP    _KBC_DataToHost
             ; FUNCTION Cmd_A0 (END)

             ; FUNCTION Cmd_A2 (BEGIN)
                                           ; SOURCE LINE # 365
                                           ; SOURCE LINE # 366
                                           ; SOURCE LINE # 367
0000 900000      E     MOV     DPTR,#Oem_CodeVer
0003 E0                MOVX    A,@DPTR
0004 FF                MOV     R7,A
0005 020000      E     LJMP    _KBC_DataToHost
             ; FUNCTION Cmd_A2 (END)

             ; FUNCTION Cmd_A3 (BEGIN)
                                           ; SOURCE LINE # 373
                                           ; SOURCE LINE # 374
                                           ; SOURCE LINE # 376
0000 22                RET     
             ; FUNCTION Cmd_A3 (END)

C51 COMPILER V7.06   OEM_KBC6064                                                           07/06/2010 09:59:48 PAGE 19  

             ; FUNCTION Cmd_AF (BEGIN)
                                           ; SOURCE LINE # 381
                                           ; SOURCE LINE # 382
                                           ; SOURCE LINE # 384
0000 22                RET     
             ; FUNCTION Cmd_AF (END)

             ; FUNCTION Cmd_B0 (BEGIN)
                                           ; SOURCE LINE # 389
                                           ; SOURCE LINE # 390
                                           ; SOURCE LINE # 392
0000 22                RET     
             ; FUNCTION Cmd_B0 (END)

             ; FUNCTION Cmd_B1 (BEGIN)
                                           ; SOURCE LINE # 397
                                           ; SOURCE LINE # 398
                                           ; SOURCE LINE # 400
0000 22                RET     
             ; FUNCTION Cmd_B1 (END)

             ; FUNCTION Cmd_B2 (BEGIN)
                                           ; SOURCE LINE # 405
                                           ; SOURCE LINE # 406
                                           ; SOURCE LINE # 408
0000 22                RET     
             ; FUNCTION Cmd_B2 (END)

             ; FUNCTION Cmd_B3 (BEGIN)
                                           ; SOURCE LINE # 413
                                           ; SOURCE LINE # 414
                                           ; SOURCE LINE # 416
0000 22                RET     
             ; FUNCTION Cmd_B3 (END)

             ; FUNCTION Cmd_B4 (BEGIN)
                                           ; SOURCE LINE # 421
                                           ; SOURCE LINE # 422
                                           ; SOURCE LINE # 423
0000 7800        E     MOV     R0,#LOW RamCodePort
0002 7664              MOV     @R0,#064H
                                           ; SOURCE LINE # 424
0004 020000      E     LJMP    RunCodeInRAM
             ; FUNCTION Cmd_B4 (END)

             ; FUNCTION Cmd_B5 (BEGIN)
                                           ; SOURCE LINE # 430
                                           ; SOURCE LINE # 431
                                           ; SOURCE LINE # 433
0000 22                RET     
             ; FUNCTION Cmd_B5 (END)

             ; FUNCTION Cmd_B6 (BEGIN)
                                           ; SOURCE LINE # 438
                                           ; SOURCE LINE # 439
                                           ; SOURCE LINE # 441
0000 22                RET     
             ; FUNCTION Cmd_B6 (END)

             ; FUNCTION Cmd_B7 (BEGIN)
                                           ; SOURCE LINE # 446
                                           ; SOURCE LINE # 447
C51 COMPILER V7.06   OEM_KBC6064                                                           07/06/2010 09:59:48 PAGE 20  

                                           ; SOURCE LINE # 449
0000 22                RET     
             ; FUNCTION Cmd_B7 (END)

             ; FUNCTION Cmd_B8 (BEGIN)
                                           ; SOURCE LINE # 454
                                           ; SOURCE LINE # 455
                                           ; SOURCE LINE # 457
0000 22                RET     
             ; FUNCTION Cmd_B8 (END)

             ; FUNCTION Cmd_B9 (BEGIN)
                                           ; SOURCE LINE # 462
                                           ; SOURCE LINE # 463
                                           ; SOURCE LINE # 465
0000 22                RET     
             ; FUNCTION Cmd_B9 (END)

             ; FUNCTION Cmd_BA (BEGIN)
                                           ; SOURCE LINE # 470
                                           ; SOURCE LINE # 471
                                           ; SOURCE LINE # 473
0000 22                RET     
             ; FUNCTION Cmd_BA (END)

             ; FUNCTION Cmd_BB (BEGIN)
                                           ; SOURCE LINE # 478
                                           ; SOURCE LINE # 479
                                           ; SOURCE LINE # 481
0000 22                RET     
             ; FUNCTION Cmd_BB (END)

             ; FUNCTION Cmd_BC (BEGIN)
                                           ; SOURCE LINE # 486
                                           ; SOURCE LINE # 487
                                           ; SOURCE LINE # 489
0000 22                RET     
             ; FUNCTION Cmd_BC (END)

             ; FUNCTION Cmd_BD (BEGIN)
                                           ; SOURCE LINE # 494
                                           ; SOURCE LINE # 495
                                           ; SOURCE LINE # 497
0000 22                RET     
             ; FUNCTION Cmd_BD (END)

             ; FUNCTION Cmd_BE (BEGIN)
                                           ; SOURCE LINE # 502
                                           ; SOURCE LINE # 503
                                           ; SOURCE LINE # 505
0000 22                RET     
             ; FUNCTION Cmd_BE (END)

             ; FUNCTION Cmd_BF (BEGIN)
                                           ; SOURCE LINE # 510
                                           ; SOURCE LINE # 511
                                           ; SOURCE LINE # 513
0000 22                RET     
             ; FUNCTION Cmd_BF (END)

             ; FUNCTION Cmd_C1 (BEGIN)
                                           ; SOURCE LINE # 519
C51 COMPILER V7.06   OEM_KBC6064                                                           07/06/2010 09:59:48 PAGE 21  

                                           ; SOURCE LINE # 520
                                           ; SOURCE LINE # 522
0000 22                RET     
             ; FUNCTION Cmd_C1 (END)

             ; FUNCTION Cmd_C2 (BEGIN)
                                           ; SOURCE LINE # 527
                                           ; SOURCE LINE # 528
                                           ; SOURCE LINE # 530
0000 22                RET     
             ; FUNCTION Cmd_C2 (END)

             ; FUNCTION Cmd_C3 (BEGIN)
                                           ; SOURCE LINE # 535
                                           ; SOURCE LINE # 536
                                           ; SOURCE LINE # 537
0000 120000      E     LCALL   SetGetPort60Data
0003 5006              JNC     ?C0052
                                           ; SOURCE LINE # 538
                                           ; SOURCE LINE # 539
0005 900583            MOV     DPTR,#0583H
0008 E500        E     MOV     A,KBHIData
000A F0                MOVX    @DPTR,A
                                           ; SOURCE LINE # 540
                                           ; SOURCE LINE # 542
000B         ?C0052:
000B 22                RET     
             ; FUNCTION Cmd_C3 (END)

             ; FUNCTION Cmd_C4 (BEGIN)
                                           ; SOURCE LINE # 547
                                           ; SOURCE LINE # 548
                                           ; SOURCE LINE # 550
0000 22                RET     
             ; FUNCTION Cmd_C4 (END)

             ; FUNCTION Cmd_C5 (BEGIN)
                                           ; SOURCE LINE # 555
                                           ; SOURCE LINE # 556
                                           ; SOURCE LINE # 557
0000 900000      E     MOV     DPTR,#Oem_SubVer
0003 E0                MOVX    A,@DPTR
0004 FF                MOV     R7,A
0005 020000      E     LJMP    _KBC_DataToHost
             ; FUNCTION Cmd_C5 (END)

             ; FUNCTION Cmd_C6 (BEGIN)
                                           ; SOURCE LINE # 563
                                           ; SOURCE LINE # 564
                                           ; SOURCE LINE # 566
0000 22                RET     
             ; FUNCTION Cmd_C6 (END)

             ; FUNCTION Cmd_C7 (BEGIN)
                                           ; SOURCE LINE # 571
                                           ; SOURCE LINE # 572
                                           ; SOURCE LINE # 574
0000 22                RET     
             ; FUNCTION Cmd_C7 (END)

             ; FUNCTION Cmd_C8 (BEGIN)
                                           ; SOURCE LINE # 579
C51 COMPILER V7.06   OEM_KBC6064                                                           07/06/2010 09:59:48 PAGE 22  

                                           ; SOURCE LINE # 580
                                           ; SOURCE LINE # 582
0000 22                RET     
             ; FUNCTION Cmd_C8 (END)

             ; FUNCTION Cmd_C9 (BEGIN)
                                           ; SOURCE LINE # 587
                                           ; SOURCE LINE # 588
                                           ; SOURCE LINE # 590
0000 22                RET     
             ; FUNCTION Cmd_C9 (END)

             ; FUNCTION Cmd_CA (BEGIN)
                                           ; SOURCE LINE # 595
                                           ; SOURCE LINE # 596
                                           ; SOURCE LINE # 598
0000 22                RET     
             ; FUNCTION Cmd_CA (END)

             ; FUNCTION Cmd_CB (BEGIN)
                                           ; SOURCE LINE # 603
                                           ; SOURCE LINE # 604
                                           ; SOURCE LINE # 606
0000 22                RET     
             ; FUNCTION Cmd_CB (END)

             ; FUNCTION Cmd_CC (BEGIN)
                                           ; SOURCE LINE # 611
                                           ; SOURCE LINE # 612
                                           ; SOURCE LINE # 614
0000 22                RET     
             ; FUNCTION Cmd_CC (END)

             ; FUNCTION Cmd_CD (BEGIN)
                                           ; SOURCE LINE # 619
                                           ; SOURCE LINE # 620
                                           ; SOURCE LINE # 625
0000 22                RET     
             ; FUNCTION Cmd_CD (END)

             ; FUNCTION Cmd_CE (BEGIN)
                                           ; SOURCE LINE # 630
                                           ; SOURCE LINE # 631
                                           ; SOURCE LINE # 633
0000 22                RET     
             ; FUNCTION Cmd_CE (END)

             ; FUNCTION Cmd_CF (BEGIN)
                                           ; SOURCE LINE # 638
                                           ; SOURCE LINE # 639
                                           ; SOURCE LINE # 641
0000 22                RET     
             ; FUNCTION Cmd_CF (END)

             ; FUNCTION Cmd_D5 (BEGIN)
                                           ; SOURCE LINE # 646
                                           ; SOURCE LINE # 647
                                           ; SOURCE LINE # 649
0000 22                RET     
             ; FUNCTION Cmd_D5 (END)

             ; FUNCTION Cmd_D6 (BEGIN)
C51 COMPILER V7.06   OEM_KBC6064                                                           07/06/2010 09:59:48 PAGE 23  

                                           ; SOURCE LINE # 654
                                           ; SOURCE LINE # 655
                                           ; SOURCE LINE # 657
0000 22                RET     
             ; FUNCTION Cmd_D6 (END)

             ; FUNCTION Cmd_D7 (BEGIN)
                                           ; SOURCE LINE # 662
                                           ; SOURCE LINE # 663
                                           ; SOURCE LINE # 664
0000 7F98              MOV     R7,#098H
0002 120000      E     LCALL   _KBC_DataToHost
                                           ; SOURCE LINE # 665
0005 7F76              MOV     R7,#076H
0007 120000      E     LCALL   _KBC_DataToHost
                                           ; SOURCE LINE # 666
000A 7F54              MOV     R7,#054H
000C 020000      E     LJMP    _KBC_DataToHost
             ; FUNCTION Cmd_D7 (END)

             ; FUNCTION Cmd_D8 (BEGIN)
                                           ; SOURCE LINE # 673
                                           ; SOURCE LINE # 674
                                           ; SOURCE LINE # 676
0000 22                RET     
             ; FUNCTION Cmd_D8 (END)

             ; FUNCTION Cmd_D9 (BEGIN)
                                           ; SOURCE LINE # 681
                                           ; SOURCE LINE # 682
                                           ; SOURCE LINE # 684
0000 22                RET     
             ; FUNCTION Cmd_D9 (END)

             ; FUNCTION Cmd_DA (BEGIN)
                                           ; SOURCE LINE # 689
                                           ; SOURCE LINE # 690
                                           ; SOURCE LINE # 692
0000 22                RET     
             ; FUNCTION Cmd_DA (END)

             ; FUNCTION Cmd_DB (BEGIN)
                                           ; SOURCE LINE # 697
                                           ; SOURCE LINE # 698
                                           ; SOURCE LINE # 700
0000 22                RET     
             ; FUNCTION Cmd_DB (END)

             ; FUNCTION Cmd_DC (BEGIN)
                                           ; SOURCE LINE # 705
                                           ; SOURCE LINE # 706
                                           ; SOURCE LINE # 708
0000 22                RET     
             ; FUNCTION Cmd_DC (END)

             ; FUNCTION Cmd_DD (BEGIN)
                                           ; SOURCE LINE # 713
                                           ; SOURCE LINE # 714
                                           ; SOURCE LINE # 716
0000 22                RET     
             ; FUNCTION Cmd_DD (END)

C51 COMPILER V7.06   OEM_KBC6064                                                           07/06/2010 09:59:48 PAGE 24  

             ; FUNCTION Cmd_DE (BEGIN)
                                           ; SOURCE LINE # 721
                                           ; SOURCE LINE # 722
                                           ; SOURCE LINE # 724
0000 22                RET     
             ; FUNCTION Cmd_DE (END)

             ; FUNCTION Cmd_DF (BEGIN)
                                           ; SOURCE LINE # 729
                                           ; SOURCE LINE # 730
                                           ; SOURCE LINE # 732
0000 22                RET     
             ; FUNCTION Cmd_DF (END)

             ; FUNCTION Cmd_E1 (BEGIN)
                                           ; SOURCE LINE # 738
                                           ; SOURCE LINE # 739
                                           ; SOURCE LINE # 741
0000 22                RET     
             ; FUNCTION Cmd_E1 (END)

             ; FUNCTION Cmd_E2 (BEGIN)
                                           ; SOURCE LINE # 746
                                           ; SOURCE LINE # 747
                                           ; SOURCE LINE # 749
0000 22                RET     
             ; FUNCTION Cmd_E2 (END)

             ; FUNCTION Cmd_E3 (BEGIN)
                                           ; SOURCE LINE # 754
                                           ; SOURCE LINE # 755
                                           ; SOURCE LINE # 757
0000 22                RET     
             ; FUNCTION Cmd_E3 (END)

             ; FUNCTION Cmd_E4 (BEGIN)
                                           ; SOURCE LINE # 762
                                           ; SOURCE LINE # 763
                                           ; SOURCE LINE # 765
0000 22                RET     
             ; FUNCTION Cmd_E4 (END)

             ; FUNCTION Cmd_E5 (BEGIN)
                                           ; SOURCE LINE # 770
                                           ; SOURCE LINE # 771
                                           ; SOURCE LINE # 773
0000 22                RET     
             ; FUNCTION Cmd_E5 (END)

             ; FUNCTION Cmd_E6 (BEGIN)
                                           ; SOURCE LINE # 778
                                           ; SOURCE LINE # 779
                                           ; SOURCE LINE # 781
0000 22                RET     
             ; FUNCTION Cmd_E6 (END)

             ; FUNCTION Cmd_E7 (BEGIN)
                                           ; SOURCE LINE # 786
                                           ; SOURCE LINE # 787
                                           ; SOURCE LINE # 789
0000 22                RET     
             ; FUNCTION Cmd_E7 (END)
C51 COMPILER V7.06   OEM_KBC6064                                                           07/06/2010 09:59:48 PAGE 25  


             ; FUNCTION Cmd_E8 (BEGIN)
                                           ; SOURCE LINE # 794
                                           ; SOURCE LINE # 795
                                           ; SOURCE LINE # 797
0000 22                RET     
             ; FUNCTION Cmd_E8 (END)

             ; FUNCTION Cmd_E9 (BEGIN)
                                           ; SOURCE LINE # 802
                                           ; SOURCE LINE # 803
                                           ; SOURCE LINE # 805
0000 22                RET     
             ; FUNCTION Cmd_E9 (END)

             ; FUNCTION Cmd_EA (BEGIN)
                                           ; SOURCE LINE # 810
                                           ; SOURCE LINE # 811
                                           ; SOURCE LINE # 813
0000 22                RET     
             ; FUNCTION Cmd_EA (END)

             ; FUNCTION Cmd_EB (BEGIN)
                                           ; SOURCE LINE # 818
                                           ; SOURCE LINE # 819
                                           ; SOURCE LINE # 821
0000 22                RET     
             ; FUNCTION Cmd_EB (END)

             ; FUNCTION Cmd_EC (BEGIN)
                                           ; SOURCE LINE # 826
                                           ; SOURCE LINE # 827
                                           ; SOURCE LINE # 829
0000 22                RET     
             ; FUNCTION Cmd_EC (END)

             ; FUNCTION Cmd_ED (BEGIN)
                                           ; SOURCE LINE # 834
                                           ; SOURCE LINE # 835
                                           ; SOURCE LINE # 837
0000 22                RET     
             ; FUNCTION Cmd_ED (END)

             ; FUNCTION Cmd_EE (BEGIN)
                                           ; SOURCE LINE # 842
                                           ; SOURCE LINE # 843
                                           ; SOURCE LINE # 845
0000 22                RET     
             ; FUNCTION Cmd_EE (END)

             ; FUNCTION Cmd_EF (BEGIN)
                                           ; SOURCE LINE # 850
                                           ; SOURCE LINE # 851
                                           ; SOURCE LINE # 853
0000 22                RET     
             ; FUNCTION Cmd_EF (END)



MODULE INFORMATION:   STATIC OVERLAYABLE
   CODE SIZE        =    178    ----
   CONSTANT SIZE    =   ----    ----
C51 COMPILER V7.06   OEM_KBC6064                                                           07/06/2010 09:59:48 PAGE 26  

   XDATA SIZE       =   ----    ----
   PDATA SIZE       =   ----    ----
   DATA SIZE        =   ----    ----
   IDATA SIZE       =   ----    ----
   BIT SIZE         =   ----    ----
END OF MODULE INFORMATION.


C51 COMPILATION COMPLETE.  0 WARNING(S),  0 ERROR(S)
